Logfile initialized
[INFO] logfile = /home/guille/titanium/Settimani/build.log
[DEBUG] /home/guille/.titanium/mobilesdk/linux/2.0.1.GA2/android/builder.py simulator Settimani /home/guille/Escritorio/Titanium Studio/guille /home/guille/titanium/Settimani net.artvisual.settimani 8 WVGA854 
[INFO] Building Settimani for Android ... one moment
[INFO] Titanium SDK version: 2.0.1 (04/12/12 16:33 999c68a)
[DEBUG] Waiting for device to be ready ...
[TRACE] adb devices returned 1 devices/emulators
[DEBUG] Device connected... (waited 0 seconds)
[DEBUG] waited 0.004955 seconds on emulator to get ready
[DEBUG] net.artvisual.settimani installed? True
[INFO] Fastdev server running, deploying in Fastdev mode
[INFO] Copying CommonJS modules...
[INFO] Copying project resources..
[TRACE] COPYING MODIFIED FILE: /home/guille/titanium/Settimani/Resources/ui/images/bg_header.png => /home/guille/titanium/Settimani/build/android/bin/assets/Resources/ui/images/bg_header.png
[TRACE] COPYING MODIFIED FILE: /home/guille/titanium/Settimani/Resources/ui/listWindow.js => /home/guille/titanium/Settimani/build/android/bin/assets/Resources/ui/listWindow.js
[INFO] Tiapp.xml unchanged, skipping class generation
[DEBUG] Processing Android resource drawables
[DEBUG] found drawable-long-port-ldpi splash screen at /home/guille/titanium/Settimani/Resources/android/images/res-long-port-ldpi/default.png
[DEBUG] found drawable-notlong-land-ldpi splash screen at /home/guille/titanium/Settimani/Resources/android/images/res-notlong-land-ldpi/default.png
[DEBUG] found drawable-long-port-hdpi splash screen at /home/guille/titanium/Settimani/Resources/android/images/res-long-port-hdpi/default.png
[DEBUG] found drawable-long-land-ldpi splash screen at /home/guille/titanium/Settimani/Resources/android/images/res-long-land-ldpi/default.png
[DEBUG] found drawable-long-land-hdpi splash screen at /home/guille/titanium/Settimani/Resources/android/images/res-long-land-hdpi/default.png
[DEBUG] found drawable-notlong-land-mdpi splash screen at /home/guille/titanium/Settimani/Resources/android/images/res-notlong-land-mdpi/default.png
[DEBUG] found drawable-notlong-port-ldpi splash screen at /home/guille/titanium/Settimani/Resources/android/images/res-notlong-port-ldpi/default.png
[DEBUG] found drawable-notlong-land-hdpi splash screen at /home/guille/titanium/Settimani/Resources/android/images/res-notlong-land-hdpi/default.png
[DEBUG] found drawable-notlong-port-hdpi splash screen at /home/guille/titanium/Settimani/Resources/android/images/res-notlong-port-hdpi/default.png
[DEBUG] found drawable-notlong-port-mdpi splash screen at /home/guille/titanium/Settimani/Resources/android/images/res-notlong-port-mdpi/default.png
[INFO] Waiting for SDCard to become available..
[INFO] Re-launching application ... Settimani
[INFO] Launching application ... Settimani
[TRACE] Launch output: Starting: Intent { act=android.intent.action.MAIN cat=[android.intent.category.LAUNCHER] cmp=net.artvisual.settimani/.SettimaniActivity }

[INFO] Relaunched Settimani ... Application should be running.
